<?xml version="1.0" encoding="UTF-8"?>
<testng-results ignored="0" total="3" passed="3" failed="0" skipped="0">
  <reporter-output>
  </reporter-output>
  <suite started-at="2024-10-14T14:56:46 IST" name="Suite" finished-at="2024-10-14T14:57:36 IST" duration-ms="50175">
    <groups>
    </groups>
    <test started-at="2024-10-14T14:56:46 IST" name="Test" finished-at="2024-10-14T14:57:36 IST" duration-ms="50175">
      <class name="com.testng.extentreport.Luma_Login">
        <test-method is-config="true" signature="openApploication(java.lang.String,java.lang.String)[pri:0, instance:com.testng.extentreport.Luma_Login@6440112d]" started-at="2024-10-14T14:56:46 IST" name="openApploication" finished-at="2024-10-14T14:57:18 IST" duration-ms="31895" status="PASS">
          <params>
            <param index="0">
              <value>
                <![CDATA[chrome]]>
              </value>
            </param>
            <param index="1">
              <value>
                <![CDATA[https://magento.softwaretestingboard.com/customer/account/login/]]>
              </value>
            </param>
          </params>
          <reporter-output>
          </reporter-output>
        </test-method> <!-- openApploication -->
        <test-method signature="loginFunctionality()[pri:1, instance:com.testng.extentreport.Luma_Login@6440112d]" started-at="2024-10-14T14:57:18 IST" name="loginFunctionality" finished-at="2024-10-14T14:57:27 IST" duration-ms="9246" status="PASS">
          <reporter-output>
          </reporter-output>
        </test-method> <!-- loginFunctionality -->
        <test-method signature="logutFunctionality()[pri:2, instance:com.testng.extentreport.Luma_Login@6440112d]" started-at="2024-10-14T14:57:27 IST" name="logutFunctionality" finished-at="2024-10-14T14:57:30 IST" duration-ms="2671" status="PASS">
          <reporter-output>
          </reporter-output>
        </test-method> <!-- logutFunctionality -->
        <test-method signature="reloginFunctinality()[pri:3, instance:com.testng.extentreport.Luma_Login@6440112d]" started-at="2024-10-14T14:57:30 IST" name="reloginFunctinality" finished-at="2024-10-14T14:57:36 IST" duration-ms="5774" status="PASS">
          <reporter-output>
          </reporter-output>
        </test-method> <!-- reloginFunctinality -->
        <test-method is-config="true" signature="closeApplication()[pri:0, instance:com.testng.extentreport.Luma_Login@6440112d]" started-at="2024-10-14T14:57:36 IST" name="closeApplication" finished-at="2024-10-14T14:57:36 IST" duration-ms="232" status="PASS">
          <reporter-output>
          </reporter-output>
        </test-method> <!-- closeApplication -->
      </class> <!-- com.testng.extentreport.Luma_Login -->
    </test> <!-- Test -->
  </suite> <!-- Suite -->
</testng-results>
